[2026-01-03 00:38:51] DB Patch Executed
[2026-01-03 00:46:35] DB Patch Executed
[2026-01-03 01:34:57] GUEST ACCESS: guest_1767404065435 skipping queue.
[2026-01-03 01:34:57] MATCHMAKING: User guest_1767404065435 (1200) joined queue.
[2026-01-03 01:34:57] NO MATCH for guest_1767404065435. Checking for Bot...
[2026-01-03 01:38:28] GUEST ACCESS: guest_1767404276113 skipping queue.
[2026-01-03 01:38:28] MATCHMAKING: User guest_1767404276113 (1200) joined queue.
[2026-01-03 01:38:28] NO MATCH for guest_1767404276113. Checking for Bot...
[2026-01-03 01:38:33] GUEST ACCESS: guest_1767404281499 skipping queue.
[2026-01-03 01:38:33] MATCHMAKING: User guest_1767404281499 (1200) joined queue.
[2026-01-03 01:38:33] NO MATCH for guest_1767404281499. Checking for Bot...
[2026-01-03 01:39:40] GUEST ACCESS: guest_1767404348569 skipping queue.
[2026-01-03 01:39:40] MATCHMAKING: User guest_1767404348569 (1200) joined queue.
[2026-01-03 01:39:40] NO MATCH for guest_1767404348569. Checking for Bot...
[2026-01-03 01:40:57] GUEST ACCESS: guest_1767404424230 skipping queue.
[2026-01-03 01:40:57] MATCHMAKING: User guest_1767404424230 (1200) joined queue.
[2026-01-03 01:40:57] NO MATCH for guest_1767404424230. Checking for Bot...
[2026-01-03 01:41:03] GUEST ACCESS: guest_1767404430659 skipping queue.
[2026-01-03 01:41:03] MATCHMAKING: User guest_1767404430659 (1200) joined queue.
[2026-01-03 01:41:03] NO MATCH for guest_1767404430659. Checking for Bot...
[2026-01-03 01:43:05] GUEST ACCESS: guest_1767404584733 skipping queue.
[2026-01-03 01:43:05] MATCHMAKING: User guest_1767404584733 (1200) joined queue.
[2026-01-03 01:43:05] NO MATCH for guest_1767404584733. Checking for Bot...
[2026-01-03 01:56:08] GUEST ACCESS: guest_1767405366934 skipping queue.
[2026-01-03 01:56:08] MATCHMAKING: User guest_1767405366934 (1200) joined queue.
[2026-01-03 01:56:08] NO MATCH for guest_1767405366934. Checking for Bot...
[2026-01-03 01:56:13] GUEST ACCESS: guest_1767405340793 skipping queue.
[2026-01-03 01:56:13] MATCHMAKING: User guest_1767405340793 (1200) joined queue.
[2026-01-03 01:56:13] NO MATCH for guest_1767405340793. Checking for Bot...
[2026-01-03 02:07:57] GUEST ACCESS: guest_1767406044622 skipping queue.
[2026-01-03 02:07:57] MATCHMAKING: User guest_1767406044622 (1200) joined queue.
[2026-01-03 02:07:57] NO MATCH for guest_1767406044622. Checking for Bot...
[2026-01-03 02:11:48] GUEST ACCESS: guest_1767406275938 skipping queue.
[2026-01-03 02:11:48] MATCHMAKING: User guest_1767406275938 (1200) joined queue.
[2026-01-03 02:11:48] NO MATCH for guest_1767406275938. Checking for Bot...
[2026-01-03 02:21:26] GUEST ACCESS: guest_1767406853737 skipping queue.
[2026-01-03 02:21:26] MATCHMAKING: User guest_1767406853737 (1200) joined queue.
[2026-01-03 02:21:26] NO MATCH for guest_1767406853737. Checking for Bot...
[2026-01-03 02:27:12] GUEST ACCESS: guest_1767407199819 skipping queue.
[2026-01-03 02:27:12] MATCHMAKING: User guest_1767407199819 (1200) joined queue.
[2026-01-03 02:27:12] NO MATCH for guest_1767407199819. Checking for Bot...
[2026-01-03 02:27:12] BOT ASSIGNED: guest_1767407199819 vs Bot BrazilianStar
[2026-01-03 02:28:02] GUEST ACCESS: guest_1767407280945 skipping queue.
[2026-01-03 02:28:02] MATCHMAKING: User guest_1767407280945 (1200) joined queue.
[2026-01-03 02:28:02] NO MATCH for guest_1767407280945. Checking for Bot...
[2026-01-03 02:28:02] BOT ASSIGNED: guest_1767407280945 vs Bot RookNRoll
[2026-01-03 02:28:05] GUEST ACCESS: guest_1767407253621 skipping queue.
[2026-01-03 02:28:05] MATCHMAKING: User guest_1767407253621 (1200) joined queue.
[2026-01-03 02:28:05] NO MATCH for guest_1767407253621. Checking for Bot...
[2026-01-03 02:28:05] BOT ASSIGNED: guest_1767407253621 vs Bot ProGamer123
[2026-01-03 02:36:01] GUEST ACCESS: guest_1767407728972 skipping queue.
[2026-01-03 02:36:01] MATCHMAKING: User guest_1767407728972 (1200) joined queue.
[2026-01-03 02:36:05] GUEST ACCESS: guest_1767407763924 skipping queue.
[2026-01-03 02:36:05] MATCHMAKING: User guest_1767407763924 (1200) joined queue.
[2026-01-03 02:36:11] NO MATCH for guest_1767407728972. Checking for Bot...
[2026-01-03 02:36:11] BOT ASSIGNED: guest_1767407728972 vs Bot ChrisClutch
[2026-01-03 02:36:15] NO MATCH for guest_1767407763924. Checking for Bot...
[2026-01-03 02:36:15] BOT ASSIGNED: guest_1767407763924 vs Bot KevinKnight
[2026-01-03 02:38:09] GUEST ACCESS: guest_1767407856594 skipping queue.
[2026-01-03 02:38:09] MATCHMAKING: User guest_1767407856594 (1200) joined queue.
[2026-01-03 02:38:13] GUEST ACCESS: guest_1767407891635 skipping queue.
[2026-01-03 02:38:13] MATCHMAKING: User guest_1767407891635 (1200) joined queue.
[2026-01-03 02:38:19] NO MATCH for guest_1767407856594. Checking for Bot...
[2026-01-03 02:38:19] BOT ASSIGNED: guest_1767407856594 vs Bot USAChecka
[2026-01-03 02:38:23] NO MATCH for guest_1767407891635. Checking for Bot...
[2026-01-03 02:38:23] BOT ASSIGNED: guest_1767407891635 vs Bot KnightRider
[2026-01-03 02:38:41] GUEST ACCESS: guest_1767407920565 skipping queue.
[2026-01-03 02:38:41] MATCHMAKING: User guest_1767407920565 (1200) joined queue.
[2026-01-03 02:38:44] GUEST ACCESS: guest_1767407891946 skipping queue.
[2026-01-03 02:38:44] MATCHMAKING: User guest_1767407891946 (1200) joined queue.
[2026-01-03 02:38:51] NO MATCH for guest_1767407920565. Checking for Bot...
[2026-01-03 02:38:51] BOT ASSIGNED: guest_1767407920565 vs Bot TopGamerVN
[2026-01-03 02:38:54] NO MATCH for guest_1767407891946. Checking for Bot...
[2026-01-03 02:38:54] BOT ASSIGNED: guest_1767407891946 vs Bot USAChecka
